<?xml version="1.0" encoding="UTF-8"?>
<testng-results ignored="0" total="1" passed="0" failed="1" skipped="0">
  <reporter-output>
  </reporter-output>
  <suite started-at="2024-06-02T22:11:28 IST" name="Default suite" finished-at="2024-06-02T22:11:32 IST" duration-ms="4433">
    <groups>
    </groups>
    <test started-at="2024-06-02T22:11:28 IST" name="Default test" finished-at="2024-06-02T22:11:32 IST" duration-ms="4433">
      <class name="com.cronos.OpportunitiesModule.CreateCampaignTest">
        <test-method is-config="true" signature="configBS()[pri:0, instance:com.cronos.OpportunitiesModule.CreateCampaignTest@3e8c3cb]" started-at="2024-06-02T22:11:28 IST" name="configBS" finished-at="2024-06-02T22:11:28 IST" duration-ms="36" status="PASS">
          <reporter-output>
          </reporter-output>
        </test-method> <!-- configBS -->
        <test-method is-config="true" signature="configBC()[pri:0, instance:com.cronos.OpportunitiesModule.CreateCampaignTest@3e8c3cb]" started-at="2024-06-02T22:11:28 IST" name="configBC" finished-at="2024-06-02T22:11:30 IST" duration-ms="2051" status="PASS">
          <reporter-output>
          </reporter-output>
        </test-method> <!-- configBC -->
        <test-method is-config="true" signature="configBM()[pri:0, instance:com.cronos.OpportunitiesModule.CreateCampaignTest@3e8c3cb]" started-at="2024-06-02T22:11:30 IST" name="configBM" finished-at="2024-06-02T22:11:32 IST" duration-ms="1902" status="PASS">
          <reporter-output>
          </reporter-output>
        </test-method> <!-- configBM -->
        <test-method signature="createCampaign()[pri:0, instance:com.cronos.OpportunitiesModule.CreateCampaignTest@3e8c3cb]" started-at="2024-06-02T22:11:32 IST" name="createCampaign" finished-at="2024-06-02T22:11:32 IST" duration-ms="31" status="FAIL">
          <exception class="java.lang.Error">
            <message>
              <![CDATA[Unresolved compilation problems: 
Syntax error on tokens, delete these tokens
Duplicate field CampaignEventsPage.eventname
Duplicate field CampaignEventsPage.eventstartdate
Syntax error on tokens, delete these tokens
Duplicate field CampaignEventsPage.eventname
Duplicate field CampaignEventsPage.eventstartdate
Syntax error on tokens, delete these tokens
Syntax error, insert ")" to complete Modifiers
]]>
            </message>
            <full-stacktrace>
              <![CDATA[java.lang.Error: Unresolved compilation problems: 
Syntax error on tokens, delete these tokens
Duplicate field CampaignEventsPage.eventname
Duplicate field CampaignEventsPage.eventstartdate
Syntax error on tokens, delete these tokens
Duplicate field CampaignEventsPage.eventname
Duplicate field CampaignEventsPage.eventstartdate
Syntax error on tokens, delete these tokens
Syntax error, insert ")" to complete Modifiers

at com.comcast.crm.objectrepositoryutility.CampaignEventsPage.<init>(CampaignEventsPage.java:16)
at com.cronos.OpportunitiesModule.CreateCampaignTest.createCampaign(CreateCampaignTest.java:28)
at java.base/jdk.internal.reflect.NativeMethodAccessorImpl.invoke0(Native Method)
at java.base/jdk.internal.reflect.NativeMethodAccessorImpl.invoke(NativeMethodAccessorImpl.java:77)
at java.base/jdk.internal.reflect.DelegatingMethodAccessorImpl.invoke(DelegatingMethodAccessorImpl.java:43)
at java.base/java.lang.reflect.Method.invoke(Method.java:568)
at org.testng.internal.MethodInvocationHelper.invokeMethod(MethodInvocationHelper.java:133)
at org.testng.internal.TestInvoker.invokeMethod(TestInvoker.java:598)
at org.testng.internal.TestInvoker.invokeTestMethod(TestInvoker.java:173)
at org.testng.internal.MethodRunner.runInSequence(MethodRunner.java:46)
at org.testng.internal.TestInvoker$MethodInvocationAgent.invoke(TestInvoker.java:824)
at org.testng.internal.TestInvoker.invokeTestMethods(TestInvoker.java:146)
at org.testng.internal.TestMethodWorker.invokeTestMethods(TestMethodWorker.java:146)
at org.testng.internal.TestMethodWorker.run(TestMethodWorker.java:128)
at java.base/java.util.ArrayList.forEach(ArrayList.java:1511)
at org.testng.TestRunner.privateRun(TestRunner.java:794)
at org.testng.TestRunner.run(TestRunner.java:596)
at org.testng.SuiteRunner.runTest(SuiteRunner.java:377)
at org.testng.SuiteRunner.runSequentially(SuiteRunner.java:371)
at org.testng.SuiteRunner.privateRun(SuiteRunner.java:332)
at org.testng.SuiteRunner.run(SuiteRunner.java:276)
at org.testng.SuiteRunnerWorker.runSuite(SuiteRunnerWorker.java:53)
at org.testng.SuiteRunnerWorker.run(SuiteRunnerWorker.java:96)
at org.testng.TestNG.runSuitesSequentially(TestNG.java:1212)
at org.testng.TestNG.runSuitesLocally(TestNG.java:1134)
at org.testng.TestNG.runSuites(TestNG.java:1063)
at org.testng.TestNG.run(TestNG.java:1031)
at org.testng.remote.AbstractRemoteTestNG.run(AbstractRemoteTestNG.java:115)
at org.testng.remote.RemoteTestNG.initAndRun(RemoteTestNG.java:251)
at org.testng.remote.RemoteTestNG.main(RemoteTestNG.java:77)
]]>
            </full-stacktrace>
          </exception> <!-- java.lang.Error -->
          <reporter-output>
          </reporter-output>
        </test-method> <!-- createCampaign -->
        <test-method is-config="true" signature="configAM()[pri:0, instance:com.cronos.OpportunitiesModule.CreateCampaignTest@3e8c3cb]" started-at="2024-06-02T22:11:32 IST" name="configAM" finished-at="2024-06-02T22:11:32 IST" duration-ms="1" status="PASS">
          <reporter-output>
          </reporter-output>
        </test-method> <!-- configAM -->
        <test-method is-config="true" signature="configAC()[pri:0, instance:com.cronos.OpportunitiesModule.CreateCampaignTest@3e8c3cb]" started-at="2024-06-02T22:11:32 IST" name="configAC" finished-at="2024-06-02T22:11:32 IST" duration-ms="187" status="PASS">
          <reporter-output>
          </reporter-output>
        </test-method> <!-- configAC -->
        <test-method is-config="true" signature="configAS()[pri:0, instance:com.cronos.OpportunitiesModule.CreateCampaignTest@3e8c3cb]" started-at="2024-06-02T22:11:32 IST" name="configAS" finished-at="2024-06-02T22:11:32 IST" duration-ms="0" status="PASS">
          <reporter-output>
          </reporter-output>
        </test-method> <!-- configAS -->
      </class> <!-- com.cronos.OpportunitiesModule.CreateCampaignTest -->
    </test> <!-- Default test -->
  </suite> <!-- Default suite -->
</testng-results>
